::1 - - [10/Jul/2025 14:02:48] "HEAD /dist/ HTTP/1.1" 200 -
::1 - - [10/Jul/2025 14:03:00] "HEAD /assets/audio/lyria_output_Rz0Lm9sHg.wav HTTP/1.1" 200 -
::1 - - [10/Jul/2025 14:03:11] "HEAD /assets/imagen_imagen-3.0-generate-002_20250709_224034_0.png HTTP/1.1" 200 -
::1 - - [10/Jul/2025 14:03:22] "GET /dist/ HTTP/1.1" 200 -
::1 - - [10/Jul/2025 14:03:22] "GET /dist/style.css HTTP/1.1" 200 -
::1 - - [10/Jul/2025 14:03:22] "GET /dist/app.js HTTP/1.1" 200 -
::1 - - [10/Jul/2025 14:03:22] "GET /assets/audio/lyria_output_Rz0Lm9sHg.wav HTTP/1.1" 200 -
----------------------------------------
Exception occurred during processing of request from ('::1', 59517, 0, 0)
Traceback (most recent call last):
  File "/Library/Frameworks/Python.framework/Versions/3.12/lib/python3.12/socketserver.py", line 692, in process_request_thread
    self.finish_request(request, client_address)
  File "/Library/Frameworks/Python.framework/Versions/3.12/lib/python3.12/http/server.py", line 1311, in finish_request
    self.RequestHandlerClass(request, client_address, self,
  File "/Library/Frameworks/Python.framework/Versions/3.12/lib/python3.12/http/server.py", line 672, in __init__
    super().__init__(*args, **kwargs)
  File "/Library/Frameworks/Python.framework/Versions/3.12/lib/python3.12/socketserver.py", line 761, in __init__
    self.handle()
  File "/Library/Frameworks/Python.framework/Versions/3.12/lib/python3.12/http/server.py", line 436, in handle
    self.handle_one_request()
  File "/Library/Frameworks/Python.framework/Versions/3.12/lib/python3.12/http/server.py", line 424, in handle_one_request
    method()
  File "/Library/Frameworks/Python.framework/Versions/3.12/lib/python3.12/http/server.py", line 679, in do_GET
    self.copyfile(f, self.wfile)
  File "/Library/Frameworks/Python.framework/Versions/3.12/lib/python3.12/http/server.py", line 878, in copyfile
    shutil.copyfileobj(source, outputfile)
  File "/Library/Frameworks/Python.framework/Versions/3.12/lib/python3.12/shutil.py", line 204, in copyfileobj
    fdst_write(buf)
  File "/Library/Frameworks/Python.framework/Versions/3.12/lib/python3.12/socketserver.py", line 840, in write
    self._sock.sendall(b)
BrokenPipeError: [Errno 32] Broken pipe
----------------------------------------
::1 - - [10/Jul/2025 14:04:30] "GET /dist/ HTTP/1.1" 304 -
::1 - - [10/Jul/2025 14:04:30] "GET /dist/style.css HTTP/1.1" 304 -
::1 - - [10/Jul/2025 14:04:30] "GET /assets/audio/lyria_output_Rz0Lm9sHg.wav HTTP/1.1" 200 -
----------------------------------------
Exception occurred during processing of request from ('::1', 59601, 0, 0)
Traceback (most recent call last):
  File "/Library/Frameworks/Python.framework/Versions/3.12/lib/python3.12/socketserver.py", line 692, in process_request_thread
    self.finish_request(request, client_address)
  File "/Library/Frameworks/Python.framework/Versions/3.12/lib/python3.12/http/server.py", line 1311, in finish_request
    self.RequestHandlerClass(request, client_address, self,
  File "/Library/Frameworks/Python.framework/Versions/3.12/lib/python3.12/http/server.py", line 672, in __init__
    super().__init__(*args, **kwargs)
  File "/Library/Frameworks/Python.framework/Versions/3.12/lib/python3.12/socketserver.py", line 761, in __init__
    self.handle()
  File "/Library/Frameworks/Python.framework/Versions/3.12/lib/python3.12/http/server.py", line 436, in handle
    self.handle_one_request()
  File "/Library/Frameworks/Python.framework/Versions/3.12/lib/python3.12/http/server.py", line 424, in handle_one_request
    method()
  File "/Library/Frameworks/Python.framework/Versions/3.12/lib/python3.12/http/server.py", line 679, in do_GET
    self.copyfile(f, self.wfile)
  File "/Library/Frameworks/Python.framework/Versions/3.12/lib/python3.12/http/server.py", line 878, in copyfile
    shutil.copyfileobj(source, outputfile)
  File "/Library/Frameworks/Python.framework/Versions/3.12/lib/python3.12/shutil.py", line 204, in copyfileobj
    fdst_write(buf)
  File "/Library/Frameworks/Python.framework/Versions/3.12/lib/python3.12/socketserver.py", line 840, in write
    self._sock.sendall(b)
BrokenPipeError: [Errno 32] Broken pipe
----------------------------------------
::1 - - [10/Jul/2025 14:04:46] code 404, message File not found
::1 - - [10/Jul/2025 14:04:46] "GET /.well-known/appspecific/com.chrome.devtools.json HTTP/1.1" 404 -
::1 - - [10/Jul/2025 14:05:24] "GET /dist/ HTTP/1.1" 200 -
::1 - - [10/Jul/2025 14:05:24] code 404, message File not found
::1 - - [10/Jul/2025 14:05:24] "GET /.well-known/appspecific/com.chrome.devtools.json HTTP/1.1" 404 -
::1 - - [10/Jul/2025 14:05:24] "GET /dist/app.js HTTP/1.1" 304 -
::1 - - [10/Jul/2025 14:05:25] "GET /assets/audio/lyria_output_Rz0Lm9sHg.wav HTTP/1.1" 200 -
::1 - - [10/Jul/2025 14:05:27] "GET /assets/imagen_imagen-3.0-generate-002_20250709_224034_0.png HTTP/1.1" 200 -
::1 - - [10/Jul/2025 14:05:35] code 404, message File not found
::1 - - [10/Jul/2025 14:05:35] "GET /favicon.ico HTTP/1.1" 404 -
